<?xml version="1.0" encoding="UTF-8"?>
<!-- Generated by org.testng.reporters.JUnitXMLReporter -->
<testsuite ignored="2" hostname="DESKTOP-SUHMU3A" failures="0" tests="4" name="Test" time="0.158" errors="0" timestamp="2020-12-16T20:32:03 IST">
  <testcase classname="qsp.DemoGrp2" name="createTask" time="0.014"/>
  <testcase classname="qsp.DemoGrp2" name="editTask" time="0.003"/>
  <testcase classname="qsp.DemoGrp" name="createUser" time="0.003"/>
  <testcase classname="qsp.DemoGrp" name="editUser" time="0.003"/>
  <testcase classname="qsp.DemoGrp" name="deleteUser" time="0.0">
    <ignored/>
  </testcase> <!-- deleteUser -->
  <testcase classname="qsp.DemoGrp2" name="deleteTask" time="0.0">
    <ignored/>
  </testcase> <!-- deleteTask -->
</testsuite> <!-- Test -->
