<?xml version="1.0" encoding="UTF-8"?>
<testng-results ignored="0" total="1" passed="1" failed="0" skipped="0">
  <reporter-output>
  </reporter-output>
  <suite started-at="2020-12-17T23:23:03 IST" name="Default suite" finished-at="2020-12-17T23:23:06 IST" duration-ms="2466">
    <groups>
    </groups>
    <test started-at="2020-12-17T23:23:03 IST" name="Default test" finished-at="2020-12-17T23:23:06 IST" duration-ms="2466">
      <class name="qsp.GenericReadWrite">
        <test-method signature="testA()[pri:0, instance:qsp.GenericReadWrite@2638011]" started-at="2020-12-17T23:23:03 IST" name="testA" finished-at="2020-12-17T23:23:06 IST" duration-ms="2411" status="PASS">
          <reporter-output>
          </reporter-output>
        </test-method> <!-- testA -->
      </class> <!-- qsp.GenericReadWrite -->
    </test> <!-- Default test -->
  </suite> <!-- Default suite -->
</testng-results>
